/usr/sbin/mysqld, Version: 8.0.19 (MySQL Community Server - GPL). started with:
Tcp port: 3306  Unix socket: /var/run/mysqld/mysqld.sock
Time                 Id Command    Argument
# Time: 2022-10-29T15:45:24.778792Z
# User@Host: root[root] @  [192.168.16.1]  Id:     8
# Query_time: 5.000672  Lock_time: 0.000000 Rows_sent: 1  Rows_examined: 1
use SlowQueryLogDB;
SET timestamp=1667058319;
select sleep(5);
# Time: 2022-10-29T15:45:52.232764Z
# User@Host: root[root] @  [192.168.16.1]  Id:     8
# Query_time: 5.001429  Lock_time: 0.000000 Rows_sent: 1  Rows_examined: 1
SET timestamp=1667058347;
select sleep(5);
/usr/sbin/mysqld, Version: 8.0.19 (MySQL Community Server - GPL). started with:
Tcp port: 3306  Unix socket: /var/run/mysqld/mysqld.sock
Time                 Id Command    Argument
# Time: 2022-10-29T16:00:37.938906Z
# User@Host: root[root] @  [192.168.16.1]  Id:     8
# Query_time: 5.001302  Lock_time: 0.000000 Rows_sent: 1  Rows_examined: 1
use SlowQueryLogDB;
SET timestamp=1667059232;
select sleep(5);
# Time: 2022-10-29T16:00:44.185113Z
# User@Host: root[root] @  [192.168.16.1]  Id:     8
# Query_time: 5.000880  Lock_time: 0.000000 Rows_sent: 1  Rows_examined: 1
SET timestamp=1667059239;
select sleep(5);
# Time: 2022-10-29T16:10:12.175903Z
# User@Host: root[root] @  [192.168.16.1]  Id:     8
# Query_time: 5.003533  Lock_time: 0.000000 Rows_sent: 1  Rows_examined: 1
SET timestamp=1667059807;
select sleep(5);
# Time: 2022-10-29T16:12:23.850311Z
# User@Host: root[root] @  [192.168.16.1]  Id:     8
# Query_time: 5.001054  Lock_time: 0.000000 Rows_sent: 1  Rows_examined: 1
SET timestamp=1667059938;
select sleep(5);
# Time: 2022-10-29T16:13:15.302036Z
# User@Host: root[root] @  [192.168.16.1]  Id:     8
# Query_time: 5.000659  Lock_time: 0.000000 Rows_sent: 1  Rows_examined: 1
SET timestamp=1667059990;
select sleep(5);
